{"/Users/Thu/Documents/Hackreactor/Front_end_capstone/maps_info/sum.js": {"path":"/Users/Thu/Documents/Hackreactor/Front_end_capstone/maps_info/sum.js","statementMap":{"0":{"start":{"line":2,"column":2},"end":{"line":2,"column":15}},"1":{"start":{"line":4,"column":0},"end":{"line":4,"column":21}}},"fnMap":{"0":{"name":"sum","decl":{"start":{"line":1,"column":9},"end":{"line":1,"column":12}},"loc":{"start":{"line":1,"column":19},"end":{"line":3,"column":1}},"line":1}},"branchMap":{},"s":{"0":1,"1":1},"f":{"0":1},"b":{},"_coverageSchema":"332fd63041d2c1bcb487cc26dd0d5f7d97098a6c","hash":"2e69a57784a517a539e9b6aecc2d9cd9d0a6e489"}
,"/Users/Thu/Documents/Hackreactor/Front_end_capstone/maps_info/client/src/Businesshours.jsx": {"path":"/Users/Thu/Documents/Hackreactor/Front_end_capstone/maps_info/client/src/Businesshours.jsx","statementMap":{"0":{"start":{"line":4,"column":22},"end":{"line":18,"column":1}},"1":{"start":{"line":5,"column":28},"end":{"line":5,"column":33}},"2":{"start":{"line":6,"column":2},"end":{"line":17,"column":4}},"3":{"start":{"line":13,"column":8},"end":{"line":13,"column":57}}},"fnMap":{"0":{"name":"(anonymous_0)","decl":{"start":{"line":4,"column":22},"end":{"line":4,"column":23}},"loc":{"start":{"line":4,"column":33},"end":{"line":18,"column":1}},"line":4},"1":{"name":"(anonymous_1)","decl":{"start":{"line":12,"column":25},"end":{"line":12,"column":26}},"loc":{"start":{"line":12,"column":34},"end":{"line":14,"column":7}},"line":12}},"branchMap":{},"s":{"0":1,"1":1,"2":1,"3":3},"f":{"0":1,"1":3},"b":{},"_coverageSchema":"332fd63041d2c1bcb487cc26dd0d5f7d97098a6c","hash":"2bda16340828be8ed473d7c66523244f0161984b"}
,"/Users/Thu/Documents/Hackreactor/Front_end_capstone/maps_info/client/src/Businesshoursentries.jsx": {"path":"/Users/Thu/Documents/Hackreactor/Front_end_capstone/maps_info/client/src/Businesshoursentries.jsx","statementMap":{"0":{"start":{"line":3,"column":29},"end":{"line":15,"column":1}},"1":{"start":{"line":4,"column":2},"end":{"line":14,"column":4}}},"fnMap":{"0":{"name":"(anonymous_0)","decl":{"start":{"line":3,"column":29},"end":{"line":3,"column":30}},"loc":{"start":{"line":3,"column":40},"end":{"line":15,"column":1}},"line":3}},"branchMap":{},"s":{"0":1,"1":3},"f":{"0":3},"b":{},"_coverageSchema":"332fd63041d2c1bcb487cc26dd0d5f7d97098a6c","hash":"ca30636c238c3eb6069220412becac036ff76a36"}
,"/Users/Thu/Documents/Hackreactor/Front_end_capstone/maps_info/client/src/Businessinfo.jsx": {"path":"/Users/Thu/Documents/Hackreactor/Front_end_capstone/maps_info/client/src/Businessinfo.jsx","statementMap":{"0":{"start":{"line":3,"column":21},"end":{"line":40,"column":1}},"1":{"start":{"line":4,"column":2},"end":{"line":39,"column":4}}},"fnMap":{"0":{"name":"(anonymous_0)","decl":{"start":{"line":3,"column":21},"end":{"line":3,"column":22}},"loc":{"start":{"line":3,"column":32},"end":{"line":40,"column":1}},"line":3}},"branchMap":{},"s":{"0":1,"1":1},"f":{"0":1},"b":{},"_coverageSchema":"332fd63041d2c1bcb487cc26dd0d5f7d97098a6c","hash":"af915ab962673eb50b43659b5967cc4b626da14e"}
,"/Users/Thu/Documents/Hackreactor/Front_end_capstone/maps_info/client/src/Index.jsx": {"path":"/Users/Thu/Documents/Hackreactor/Front_end_capstone/maps_info/client/src/Index.jsx","statementMap":{"0":{"start":{"line":1,"column":0},"end":{"line":null,"column":-1}},"1":{"start":{"line":2,"column":0},"end":{"line":null,"column":-1}},"2":{"start":{"line":3,"column":0},"end":{"line":null,"column":-1}},"3":{"start":{"line":5,"column":0},"end":{"line":null,"column":-1}}},"fnMap":{},"branchMap":{},"s":{"0":0,"1":0,"2":0,"3":0},"f":{},"b":{}}
,"/Users/Thu/Documents/Hackreactor/Front_end_capstone/maps_info/client/src/Map.jsx": {"path":"/Users/Thu/Documents/Hackreactor/Front_end_capstone/maps_info/client/src/Map.jsx","statementMap":{"0":{"start":{"line":1,"column":0},"end":{"line":null,"column":-1}},"1":{"start":{"line":2,"column":0},"end":{"line":null,"column":-1}},"2":{"start":{"line":3,"column":0},"end":{"line":null,"column":-1}},"3":{"start":{"line":4,"column":0},"end":{"line":null,"column":-1}},"4":{"start":{"line":12,"column":8},"end":{"line":8,"column":11}},"5":{"start":{"line":8,"column":11},"end":{"line":8,"column":10}},"6":{"start":{"line":13,"column":4},"end":{"line":null,"column":-1}},"7":{"start":{"line":34,"column":0},"end":{"line":null,"column":-1}}},"fnMap":{},"branchMap":{},"s":{"0":0,"1":0,"2":0,"3":0,"4":0,"5":0,"6":0,"7":0},"f":{},"b":{}}
,"/Users/Thu/Documents/Hackreactor/Front_end_capstone/maps_info/client/src/Mapinfo.jsx": {"path":"/Users/Thu/Documents/Hackreactor/Front_end_capstone/maps_info/client/src/Mapinfo.jsx","statementMap":{"0":{"start":{"line":6,"column":4},"end":{"line":6,"column":17}},"1":{"start":{"line":7,"column":4},"end":{"line":9,"column":6}},"2":{"start":{"line":16,"column":8},"end":{"line":16,"column":18}},"3":{"start":{"line":17,"column":4},"end":{"line":47,"column":6}},"4":{"start":{"line":51,"column":0},"end":{"line":53,"column":2}}},"fnMap":{"0":{"name":"(anonymous_0)","decl":{"start":{"line":5,"column":2},"end":{"line":5,"column":3}},"loc":{"start":{"line":5,"column":21},"end":{"line":10,"column":3}},"line":5},"1":{"name":"(anonymous_1)","decl":{"start":{"line":12,"column":2},"end":{"line":12,"column":3}},"loc":{"start":{"line":12,"column":11},"end":{"line":48,"column":3}},"line":12}},"branchMap":{},"s":{"0":1,"1":1,"2":1,"3":1,"4":1},"f":{"0":1,"1":1},"b":{},"_coverageSchema":"332fd63041d2c1bcb487cc26dd0d5f7d97098a6c","hash":"f6b9292276e2f0e68c9f1d11f63ffd7b2882a2fa"}
,"/Users/Thu/Documents/Hackreactor/Front_end_capstone/maps_info/client/src/Search.jsx": {"path":"/Users/Thu/Documents/Hackreactor/Front_end_capstone/maps_info/client/src/Search.jsx","statementMap":{"0":{"start":{"line":5,"column":4},"end":{"line":5,"column":17}},"1":{"start":{"line":6,"column":4},"end":{"line":8,"column":6}},"2":{"start":{"line":12,"column":4},"end":{"line":14,"column":7}},"3":{"start":{"line":18,"column":4},"end":{"line":23,"column":6}},"4":{"start":{"line":21,"column":86},"end":{"line":21,"column":134}}},"fnMap":{"0":{"name":"(anonymous_0)","decl":{"start":{"line":4,"column":2},"end":{"line":4,"column":3}},"loc":{"start":{"line":4,"column":21},"end":{"line":9,"column":3}},"line":4},"1":{"name":"(anonymous_1)","decl":{"start":{"line":11,"column":2},"end":{"line":11,"column":3}},"loc":{"start":{"line":11,"column":23},"end":{"line":15,"column":3}},"line":11},"2":{"name":"(anonymous_2)","decl":{"start":{"line":17,"column":2},"end":{"line":17,"column":3}},"loc":{"start":{"line":17,"column":12},"end":{"line":24,"column":3}},"line":17},"3":{"name":"(anonymous_3)","decl":{"start":{"line":21,"column":78},"end":{"line":21,"column":79}},"loc":{"start":{"line":21,"column":84},"end":{"line":21,"column":136}},"line":21}},"branchMap":{},"s":{"0":2,"1":2,"2":1,"3":3,"4":0},"f":{"0":2,"1":1,"2":3,"3":0},"b":{},"_coverageSchema":"332fd63041d2c1bcb487cc26dd0d5f7d97098a6c","hash":"f08ae1437ed4bdf6317e8f2849f84cd1bb71c54c"}
,"/Users/Thu/Documents/Hackreactor/Front_end_capstone/maps_info/client/src/app.jsx": {"path":"/Users/Thu/Documents/Hackreactor/Front_end_capstone/maps_info/client/src/app.jsx","statementMap":{"0":{"start":{"line":1,"column":0},"end":{"line":null,"column":-1}},"1":{"start":{"line":2,"column":0},"end":{"line":null,"column":-1}},"2":{"start":{"line":3,"column":0},"end":{"line":null,"column":-1}},"3":{"start":{"line":4,"column":0},"end":{"line":null,"column":-1}},"4":{"start":{"line":5,"column":0},"end":{"line":null,"column":-1}},"5":{"start":{"line":6,"column":0},"end":{"line":null,"column":-1}},"6":{"start":{"line":7,"column":0},"end":{"line":null,"column":-1}},"7":{"start":{"line":8,"column":0},"end":{"line":null,"column":-1}},"8":{"start":{"line":9,"column":0},"end":{"line":null,"column":-1}},"9":{"start":{"line":10,"column":0},"end":{"line":null,"column":-1}},"10":{"start":{"line":11,"column":0},"end":{"line":null,"column":-1}},"11":{"start":{"line":14,"column":21},"end":{"line":null,"column":-1}},"12":{"start":{"line":16,"column":4},"end":{"line":null,"column":-1}},"13":{"start":{"line":28,"column":4},"end":{"line":null,"column":-1}},"14":{"start":{"line":32,"column":4},"end":{"line":null,"column":-1}},"15":{"start":{"line":33,"column":4},"end":{"line":null,"column":-1}},"16":{"start":{"line":36,"column":22},"end":{"line":null,"column":-1}},"17":{"start":{"line":37,"column":4},"end":{"line":null,"column":-1}},"18":{"start":{"line":42,"column":29},"end":{"line":42,"column":8}},"19":{"start":{"line":43,"column":8},"end":{"line":null,"column":-1}},"20":{"start":{"line":43,"column":58},"end":{"line":null,"column":-1}},"21":{"start":{"line":44,"column":10},"end":{"line":48,"column":11}},"22":{"start":{"line":45,"column":12},"end":{"line":null,"column":-1}},"23":{"start":{"line":46,"column":17},"end":{"line":48,"column":11}},"24":{"start":{"line":47,"column":12},"end":{"line":null,"column":-1}},"25":{"start":{"line":50,"column":30},"end":{"line":50,"column":8}},"26":{"start":{"line":51,"column":8},"end":{"line":null,"column":-1}},"27":{"start":{"line":51,"column":58},"end":{"line":null,"column":-1}},"28":{"start":{"line":52,"column":10},"end":{"line":54,"column":11}},"29":{"start":{"line":53,"column":12},"end":{"line":null,"column":-1}},"30":{"start":{"line":56,"column":8},"end":{"line":null,"column":-1}},"31":{"start":{"line":64,"column":25},"end":{"line":null,"column":-1}},"32":{"start":{"line":65,"column":4},"end":{"line":null,"column":-1}},"33":{"start":{"line":70,"column":24},"end":{"line":70,"column":8}},"34":{"start":{"line":71,"column":8},"end":{"line":null,"column":-1}},"35":{"start":{"line":77,"column":8},"end":{"line":null,"column":-1}},"36":{"start":{"line":78,"column":8},"end":{"line":null,"column":-1}},"37":{"start":{"line":80,"column":33},"end":{"line":79,"column":22}},"38":{"start":{"line":79,"column":22},"end":{"line":79,"column":21}},"39":{"start":{"line":81,"column":12},"end":{"line":null,"column":-1}},"40":{"start":{"line":87,"column":12},"end":{"line":null,"column":-1}},"41":{"start":{"line":94,"column":29},"end":{"line":null,"column":-1}},"42":{"start":{"line":95,"column":4},"end":{"line":null,"column":-1}},"43":{"start":{"line":100,"column":27},"end":{"line":100,"column":8}},"44":{"start":{"line":101,"column":8},"end":{"line":null,"column":-1}},"45":{"start":{"line":102,"column":8},"end":{"line":null,"column":-1}},"46":{"start":{"line":105,"column":19},"end":{"line":105,"column":4}},"47":{"start":{"line":106,"column":4},"end":{"line":null,"column":-1}},"48":{"start":{"line":115,"column":8},"end":{"line":111,"column":11}},"49":{"start":{"line":111,"column":11},"end":{"line":111,"column":10}},"50":{"start":{"line":116,"column":4},"end":{"line":null,"column":-1}}},"fnMap":{"0":{"name":"App","decl":{"start":{"line":14,"column":2},"end":{"line":14,"column":13}},"loc":{"start":{"line":14,"column":21},"end":{"line":29,"column":3}}},"1":{"name":"success","decl":{"start":{"line":41,"column":15},"end":{"line":41,"column":15}},"loc":{"start":{"line":41,"column":25},"end":{"line":60,"column":7}}},"2":{"name":"(anonymous_15)","decl":{"start":{"line":43,"column":40},"end":{"line":43,"column":57}},"loc":{"start":{"line":43,"column":58},"end":{"line":43,"column":8}}},"3":{"name":"(anonymous_16)","decl":{"start":{"line":51,"column":40},"end":{"line":51,"column":57}},"loc":{"start":{"line":51,"column":58},"end":{"line":51,"column":8}}},"4":{"name":"success","decl":{"start":{"line":69,"column":15},"end":{"line":69,"column":15}},"loc":{"start":{"line":69,"column":25},"end":{"line":90,"column":7}}},"5":{"name":"(anonymous_19)","decl":{"start":{"line":79,"column":10},"end":{"line":79,"column":21}},"loc":{"start":{"line":79,"column":22},"end":{"line":78,"column":8}}},"6":{"name":"(anonymous_20)","decl":{"start":{"line":86,"column":10},"end":{"line":86,"column":18}},"loc":{"start":{"line":86,"column":19},"end":{"line":78,"column":8}}},"7":{"name":"success","decl":{"start":{"line":99,"column":15},"end":{"line":99,"column":15}},"loc":{"start":{"line":99,"column":25},"end":{"line":103,"column":7}}}},"branchMap":{"0":{"loc":{"start":{"line":14,"column":21},"end":{"line":15,"column":9}},"type":"binary-expr","locations":[{"start":{"line":14,"column":21},"end":{"line":15,"column":9}},{"start":{"line":14,"column":21},"end":{"line":15,"column":9}}]},"1":{"loc":{"start":{"line":44,"column":10},"end":{"line":48,"column":11}},"type":"if","locations":[{"start":{"line":44,"column":10},"end":{"line":48,"column":11}},{"start":{"line":44,"column":10},"end":{"line":48,"column":11}}]},"2":{"loc":{"start":{"line":46,"column":17},"end":{"line":48,"column":11}},"type":"if","locations":[{"start":{"line":46,"column":17},"end":{"line":48,"column":11}},{"start":{"line":46,"column":17},"end":{"line":48,"column":11}}]},"3":{"loc":{"start":{"line":52,"column":10},"end":{"line":54,"column":11}},"type":"if","locations":[{"start":{"line":52,"column":10},"end":{"line":54,"column":11}},{"start":{"line":52,"column":10},"end":{"line":54,"column":11}}]},"4":{"loc":{"start":{"line":52,"column":14},"end":{"line":52,"column":13}},"type":"binary-expr","locations":[{"start":{"line":52,"column":14},"end":{"line":52,"column":13}},{"start":{"line":52,"column":31},"end":{"line":52,"column":14}},{"start":{"line":52,"column":48},"end":{"line":52,"column":14}},{"start":{"line":52,"column":65},"end":{"line":52,"column":14}},{"start":{"line":52,"column":82},"end":{"line":52,"column":14}},{"start":{"line":52,"column":99},"end":{"line":52,"column":14}},{"start":{"line":52,"column":116},"end":{"line":52,"column":10}}]}},"s":{"0":0,"1":0,"2":0,"3":0,"4":0,"5":0,"6":0,"7":0,"8":0,"9":0,"10":0,"11":0,"12":0,"13":0,"14":0,"15":0,"16":0,"17":0,"18":0,"19":0,"20":0,"21":0,"22":0,"23":0,"24":0,"25":0,"26":0,"27":0,"28":0,"29":0,"30":0,"31":0,"32":0,"33":0,"34":0,"35":0,"36":0,"37":0,"38":0,"39":0,"40":0,"41":0,"42":0,"43":0,"44":0,"45":0,"46":0,"47":0,"48":0,"49":0,"50":0},"f":{"0":0,"1":0,"2":0,"3":0,"4":0,"5":0,"6":0,"7":0},"b":{"0":[0,0],"1":[0,0],"2":[0,0],"3":[0,0],"4":[0,0,0,0,0,0,0]}}
,"/Users/Thu/Documents/Hackreactor/Front_end_capstone/maps_info/db/connection.js": {"path":"/Users/Thu/Documents/Hackreactor/Front_end_capstone/maps_info/db/connection.js","statementMap":{"0":{"start":{"line":1,"column":14},"end":{"line":1,"column":30}},"1":{"start":{"line":2,"column":14},"end":{"line":2,"column":30}},"2":{"start":{"line":4,"column":19},"end":{"line":8,"column":2}},"3":{"start":{"line":10,"column":0},"end":{"line":15,"column":3}},"4":{"start":{"line":11,"column":2},"end":{"line":14,"column":3}},"5":{"start":{"line":12,"column":4},"end":{"line":12,"column":47}},"6":{"start":{"line":13,"column":4},"end":{"line":13,"column":11}},"7":{"start":{"line":14,"column":4},"end":{"line":14,"column":42}},"8":{"start":{"line":17,"column":0},"end":{"line":17,"column":28}}},"fnMap":{"0":{"name":"(anonymous_0)","decl":{"start":{"line":10,"column":19},"end":{"line":10,"column":20}},"loc":{"start":{"line":10,"column":33},"end":{"line":15,"column":1}},"line":10}},"branchMap":{"0":{"loc":{"start":{"line":11,"column":2},"end":{"line":14,"column":3}},"type":"if","locations":[{"start":{"line":11,"column":2},"end":{"line":14,"column":3}},{"start":{"line":11,"column":2},"end":{"line":14,"column":3}}],"line":11}},"s":{"0":1,"1":1,"2":1,"3":1,"4":1,"5":0,"6":0,"7":1,"8":1},"f":{"0":1},"b":{"0":[0,1]},"_coverageSchema":"332fd63041d2c1bcb487cc26dd0d5f7d97098a6c","hash":"3200b412ee72fc73828b80e39801a601c20ca5a9"}
,"/Users/Thu/Documents/Hackreactor/Front_end_capstone/maps_info/db/faker.js": {"path":"/Users/Thu/Documents/Hackreactor/Front_end_capstone/maps_info/db/faker.js","statementMap":{"0":{"start":{"line":1,"column":14},"end":{"line":1,"column":0}},"1":{"start":{"line":2,"column":19},"end":{"line":2,"column":0}},"2":{"start":{"line":4,"column":20},"end":{"line":4,"column":0}},"3":{"start":{"line":5,"column":18},"end":{"line":5,"column":2}},"4":{"start":{"line":6,"column":19},"end":{"line":6,"column":2}},"5":{"start":{"line":7,"column":2},"end":{"line":null,"column":-1}},"6":{"start":{"line":10,"column":21},"end":{"line":10,"column":0}},"7":{"start":{"line":11,"column":2},"end":{"line":null,"column":-1}},"8":{"start":{"line":14,"column":17},"end":{"line":14,"column":0}},"9":{"start":{"line":15,"column":25},"end":{"line":15,"column":2}},"10":{"start":{"line":16,"column":25},"end":{"line":16,"column":2}},"11":{"start":{"line":17,"column":2},"end":{"line":null,"column":-1}},"12":{"start":{"line":20,"column":20},"end":{"line":20,"column":0}},"13":{"start":{"line":21,"column":2},"end":{"line":null,"column":-1}},"14":{"start":{"line":24,"column":21},"end":{"line":24,"column":0}},"15":{"start":{"line":26,"column":2},"end":{"line":null,"column":-1}},"16":{"start":{"line":29,"column":22},"end":{"line":29,"column":0}},"17":{"start":{"line":31,"column":2},"end":{"line":null,"column":-1}},"18":{"start":{"line":34,"column":23},"end":{"line":34,"column":0}},"19":{"start":{"line":35,"column":2},"end":{"line":42,"column":3}},"20":{"start":{"line":36,"column":10},"end":{"line":36,"column":4}},"21":{"start":{"line":37,"column":4},"end":{"line":null,"column":-1}},"22":{"start":{"line":38,"column":6},"end":{"line":40,"column":7}},"23":{"start":{"line":39,"column":8},"end":{"line":null,"column":-1}},"24":{"start":{"line":45,"column":26},"end":{"line":45,"column":0}},"25":{"start":{"line":46,"column":2},"end":{"line":75,"column":3}},"26":{"start":{"line":47,"column":18},"end":{"line":47,"column":4}},"27":{"start":{"line":48,"column":26},"end":{"line":48,"column":4}},"28":{"start":{"line":49,"column":27},"end":{"line":49,"column":4}},"29":{"start":{"line":50,"column":4},"end":{"line":68,"column":5}},"30":{"start":{"line":51,"column":6},"end":{"line":null,"column":-1}},"31":{"start":{"line":52,"column":6},"end":{"line":null,"column":-1}},"32":{"start":{"line":53,"column":11},"end":{"line":68,"column":5}},"33":{"start":{"line":54,"column":6},"end":{"line":null,"column":-1}},"34":{"start":{"line":55,"column":6},"end":{"line":null,"column":-1}},"35":{"start":{"line":56,"column":11},"end":{"line":68,"column":5}},"36":{"start":{"line":57,"column":6},"end":{"line":null,"column":-1}},"37":{"start":{"line":58,"column":6},"end":{"line":null,"column":-1}},"38":{"start":{"line":59,"column":11},"end":{"line":68,"column":5}},"39":{"start":{"line":60,"column":6},"end":{"line":null,"column":-1}},"40":{"start":{"line":61,"column":6},"end":{"line":null,"column":-1}},"41":{"start":{"line":62,"column":11},"end":{"line":68,"column":5}},"42":{"start":{"line":63,"column":6},"end":{"line":null,"column":-1}},"43":{"start":{"line":64,"column":6},"end":{"line":null,"column":-1}},"44":{"start":{"line":65,"column":11},"end":{"line":68,"column":5}},"45":{"start":{"line":66,"column":6},"end":{"line":null,"column":-1}},"46":{"start":{"line":67,"column":6},"end":{"line":null,"column":-1}},"47":{"start":{"line":69,"column":10},"end":{"line":69,"column":4}},"48":{"start":{"line":70,"column":4},"end":{"line":null,"column":-1}},"49":{"start":{"line":71,"column":6},"end":{"line":73,"column":7}},"50":{"start":{"line":72,"column":8},"end":{"line":null,"column":-1}},"51":{"start":{"line":78,"column":30},"end":{"line":78,"column":0}},"52":{"start":{"line":79,"column":2},"end":{"line":86,"column":3}},"53":{"start":{"line":80,"column":10},"end":{"line":80,"column":4}},"54":{"start":{"line":81,"column":4},"end":{"line":null,"column":-1}},"55":{"start":{"line":82,"column":6},"end":{"line":84,"column":7}},"56":{"start":{"line":83,"column":8},"end":{"line":null,"column":-1}},"57":{"start":{"line":89,"column":0},"end":{"line":null,"column":-1}},"58":{"start":{"line":90,"column":0},"end":{"line":null,"column":-1}},"59":{"start":{"line":91,"column":0},"end":{"line":null,"column":-1}},"60":{"start":{"line":92,"column":0},"end":{"line":null,"column":-1}}},"fnMap":{"0":{"name":"mockAddress","decl":{"start":{"line":4,"column":6},"end":{"line":4,"column":20}},"loc":{"start":{"line":4,"column":32},"end":{"line":4,"column":0}}},"1":{"name":"mockPhoneNum","decl":{"start":{"line":10,"column":6},"end":{"line":10,"column":21}},"loc":{"start":{"line":10,"column":33},"end":{"line":10,"column":0}}},"2":{"name":"mockTime","decl":{"start":{"line":14,"column":6},"end":{"line":14,"column":17}},"loc":{"start":{"line":14,"column":29},"end":{"line":14,"column":0}}},"3":{"name":"trueOrFalse","decl":{"start":{"line":20,"column":6},"end":{"line":20,"column":20}},"loc":{"start":{"line":20,"column":26},"end":{"line":20,"column":0}}},"4":{"name":"mockLatitude","decl":{"start":{"line":24,"column":6},"end":{"line":24,"column":21}},"loc":{"start":{"line":24,"column":27},"end":{"line":24,"column":0}}},"5":{"name":"mockLongitude","decl":{"start":{"line":29,"column":6},"end":{"line":29,"column":22}},"loc":{"start":{"line":29,"column":28},"end":{"line":29,"column":0}}},"6":{"name":"insertMockTime","decl":{"start":{"line":34,"column":6},"end":{"line":34,"column":23}},"loc":{"start":{"line":34,"column":29},"end":{"line":34,"column":0}}},"7":{"name":"(anonymous_7)","decl":{"start":{"line":37,"column":31},"end":{"line":37,"column":31}},"loc":{"start":{"line":37,"column":49},"end":{"line":37,"column":4}}},"8":{"name":"insertMockAddress","decl":{"start":{"line":45,"column":6},"end":{"line":45,"column":26}},"loc":{"start":{"line":45,"column":32},"end":{"line":45,"column":0}}},"9":{"name":"(anonymous_9)","decl":{"start":{"line":70,"column":31},"end":{"line":70,"column":31}},"loc":{"start":{"line":70,"column":49},"end":{"line":70,"column":4}}},"10":{"name":"insertMockBusinessHrs","decl":{"start":{"line":78,"column":6},"end":{"line":78,"column":30}},"loc":{"start":{"line":78,"column":36},"end":{"line":78,"column":0}}},"11":{"name":"(anonymous_11)","decl":{"start":{"line":81,"column":31},"end":{"line":81,"column":31}},"loc":{"start":{"line":81,"column":49},"end":{"line":81,"column":4}}}},"branchMap":{"0":{"loc":{"start":{"line":38,"column":6},"end":{"line":40,"column":7}},"type":"if","locations":[{"start":{"line":38,"column":6},"end":{"line":40,"column":7}},{"start":{"line":38,"column":6},"end":{"line":40,"column":7}}]},"1":{"loc":{"start":{"line":50,"column":4},"end":{"line":68,"column":5}},"type":"if","locations":[{"start":{"line":50,"column":4},"end":{"line":68,"column":5}},{"start":{"line":50,"column":4},"end":{"line":68,"column":5}}]},"2":{"loc":{"start":{"line":53,"column":11},"end":{"line":68,"column":5}},"type":"if","locations":[{"start":{"line":53,"column":11},"end":{"line":68,"column":5}},{"start":{"line":53,"column":11},"end":{"line":68,"column":5}}]},"3":{"loc":{"start":{"line":56,"column":11},"end":{"line":68,"column":5}},"type":"if","locations":[{"start":{"line":56,"column":11},"end":{"line":68,"column":5}},{"start":{"line":56,"column":11},"end":{"line":68,"column":5}}]},"4":{"loc":{"start":{"line":59,"column":11},"end":{"line":68,"column":5}},"type":"if","locations":[{"start":{"line":59,"column":11},"end":{"line":68,"column":5}},{"start":{"line":59,"column":11},"end":{"line":68,"column":5}}]},"5":{"loc":{"start":{"line":62,"column":11},"end":{"line":68,"column":5}},"type":"if","locations":[{"start":{"line":62,"column":11},"end":{"line":68,"column":5}},{"start":{"line":62,"column":11},"end":{"line":68,"column":5}}]},"6":{"loc":{"start":{"line":65,"column":11},"end":{"line":68,"column":5}},"type":"if","locations":[{"start":{"line":65,"column":11},"end":{"line":68,"column":5}},{"start":{"line":65,"column":11},"end":{"line":68,"column":5}}]},"7":{"loc":{"start":{"line":71,"column":6},"end":{"line":73,"column":7}},"type":"if","locations":[{"start":{"line":71,"column":6},"end":{"line":73,"column":7}},{"start":{"line":71,"column":6},"end":{"line":73,"column":7}}]},"8":{"loc":{"start":{"line":82,"column":6},"end":{"line":84,"column":7}},"type":"if","locations":[{"start":{"line":82,"column":6},"end":{"line":84,"column":7}},{"start":{"line":82,"column":6},"end":{"line":84,"column":7}}]}},"s":{"0":0,"1":0,"2":0,"3":0,"4":0,"5":0,"6":0,"7":0,"8":0,"9":0,"10":0,"11":0,"12":0,"13":0,"14":0,"15":0,"16":0,"17":0,"18":0,"19":0,"20":0,"21":0,"22":0,"23":0,"24":0,"25":0,"26":0,"27":0,"28":0,"29":0,"30":0,"31":0,"32":0,"33":0,"34":0,"35":0,"36":0,"37":0,"38":0,"39":0,"40":0,"41":0,"42":0,"43":0,"44":0,"45":0,"46":0,"47":0,"48":0,"49":0,"50":0,"51":0,"52":0,"53":0,"54":0,"55":0,"56":0,"57":0,"58":0,"59":0,"60":0},"f":{"0":0,"1":0,"2":0,"3":0,"4":0,"5":0,"6":0,"7":0,"8":0,"9":0,"10":0,"11":0},"b":{"0":[0,0],"1":[0,0],"2":[0,0],"3":[0,0],"4":[0,0],"5":[0,0],"6":[0,0],"7":[0,0],"8":[0,0]}}
,"/Users/Thu/Documents/Hackreactor/Front_end_capstone/maps_info/server/server.js": {"path":"/Users/Thu/Documents/Hackreactor/Front_end_capstone/maps_info/server/server.js","statementMap":{"0":{"start":{"line":1,"column":16},"end":{"line":1,"column":34}},"1":{"start":{"line":2,"column":19},"end":{"line":2,"column":41}},"2":{"start":{"line":3,"column":13},"end":{"line":3,"column":28}},"3":{"start":{"line":4,"column":19},"end":{"line":4,"column":49}},"4":{"start":{"line":6,"column":12},"end":{"line":6,"column":21}},"5":{"start":{"line":7,"column":13},"end":{"line":7,"column":37}},"6":{"start":{"line":9,"column":0},"end":{"line":9,"column":27}},"7":{"start":{"line":11,"column":0},"end":{"line":11,"column":52}},"8":{"start":{"line":13,"column":0},"end":{"line":13,"column":64}},"9":{"start":{"line":15,"column":0},"end":{"line":25,"column":3}},"10":{"start":{"line":16,"column":21},"end":{"line":16,"column":51}},"11":{"start":{"line":17,"column":19},"end":{"line":17,"column":179}},"12":{"start":{"line":18,"column":2},"end":{"line":24,"column":5}},"13":{"start":{"line":19,"column":4},"end":{"line":23,"column":5}},"14":{"start":{"line":20,"column":6},"end":{"line":20,"column":32}},"15":{"start":{"line":22,"column":6},"end":{"line":22,"column":33}},"16":{"start":{"line":27,"column":0},"end":{"line":37,"column":3}},"17":{"start":{"line":28,"column":21},"end":{"line":28,"column":51}},"18":{"start":{"line":29,"column":19},"end":{"line":29,"column":72}},"19":{"start":{"line":30,"column":2},"end":{"line":36,"column":5}},"20":{"start":{"line":31,"column":4},"end":{"line":35,"column":5}},"21":{"start":{"line":32,"column":6},"end":{"line":32,"column":32}},"22":{"start":{"line":34,"column":6},"end":{"line":34,"column":33}},"23":{"start":{"line":39,"column":0},"end":{"line":49,"column":3}},"24":{"start":{"line":40,"column":23},"end":{"line":40,"column":47}},"25":{"start":{"line":41,"column":19},"end":{"line":41,"column":77}},"26":{"start":{"line":42,"column":2},"end":{"line":48,"column":5}},"27":{"start":{"line":43,"column":4},"end":{"line":47,"column":5}},"28":{"start":{"line":44,"column":6},"end":{"line":44,"column":32}},"29":{"start":{"line":46,"column":6},"end":{"line":46,"column":33}},"30":{"start":{"line":51,"column":0},"end":{"line":53,"column":3}},"31":{"start":{"line":52,"column":2},"end":{"line":52,"column":45}},"32":{"start":{"line":55,"column":0},"end":{"line":55,"column":21}}},"fnMap":{"0":{"name":"(anonymous_0)","decl":{"start":{"line":15,"column":50},"end":{"line":15,"column":51}},"loc":{"start":{"line":15,"column":64},"end":{"line":25,"column":1}},"line":15},"1":{"name":"(anonymous_1)","decl":{"start":{"line":18,"column":29},"end":{"line":18,"column":30}},"loc":{"start":{"line":18,"column":44},"end":{"line":24,"column":3}},"line":18},"2":{"name":"(anonymous_2)","decl":{"start":{"line":27,"column":49},"end":{"line":27,"column":50}},"loc":{"start":{"line":27,"column":63},"end":{"line":37,"column":1}},"line":27},"3":{"name":"(anonymous_3)","decl":{"start":{"line":30,"column":29},"end":{"line":30,"column":30}},"loc":{"start":{"line":30,"column":44},"end":{"line":36,"column":3}},"line":30},"4":{"name":"(anonymous_4)","decl":{"start":{"line":39,"column":38},"end":{"line":39,"column":39}},"loc":{"start":{"line":39,"column":52},"end":{"line":49,"column":1}},"line":39},"5":{"name":"(anonymous_5)","decl":{"start":{"line":42,"column":29},"end":{"line":42,"column":30}},"loc":{"start":{"line":42,"column":44},"end":{"line":48,"column":3}},"line":42},"6":{"name":"(anonymous_6)","decl":{"start":{"line":51,"column":17},"end":{"line":51,"column":18}},"loc":{"start":{"line":51,"column":23},"end":{"line":53,"column":1}},"line":51}},"branchMap":{"0":{"loc":{"start":{"line":7,"column":13},"end":{"line":7,"column":37}},"type":"binary-expr","locations":[{"start":{"line":7,"column":13},"end":{"line":7,"column":29}},{"start":{"line":7,"column":33},"end":{"line":7,"column":37}}],"line":7},"1":{"loc":{"start":{"line":19,"column":4},"end":{"line":23,"column":5}},"type":"if","locations":[{"start":{"line":19,"column":4},"end":{"line":23,"column":5}},{"start":{"line":19,"column":4},"end":{"line":23,"column":5}}],"line":19},"2":{"loc":{"start":{"line":31,"column":4},"end":{"line":35,"column":5}},"type":"if","locations":[{"start":{"line":31,"column":4},"end":{"line":35,"column":5}},{"start":{"line":31,"column":4},"end":{"line":35,"column":5}}],"line":31},"3":{"loc":{"start":{"line":43,"column":4},"end":{"line":47,"column":5}},"type":"if","locations":[{"start":{"line":43,"column":4},"end":{"line":47,"column":5}},{"start":{"line":43,"column":4},"end":{"line":47,"column":5}}],"line":43}},"s":{"0":1,"1":1,"2":1,"3":1,"4":1,"5":1,"6":1,"7":1,"8":1,"9":1,"10":1,"11":1,"12":1,"13":1,"14":0,"15":1,"16":1,"17":1,"18":1,"19":1,"20":1,"21":0,"22":1,"23":1,"24":2,"25":2,"26":2,"27":2,"28":0,"29":2,"30":1,"31":0,"32":1},"f":{"0":1,"1":1,"2":1,"3":1,"4":2,"5":2,"6":0},"b":{"0":[1,1],"1":[0,1],"2":[0,1],"3":[0,2]},"_coverageSchema":"332fd63041d2c1bcb487cc26dd0d5f7d97098a6c","hash":"0330cb9d214f9e5caf3e4f0ec0316effc444be6e"}
}
