TN:
SF:/Users/Thu/Documents/Hackreactor/Front_end_capstone/maps_info/sum.js
FN:1,sum
FNF:1
FNH:1
FNDA:1,sum
DA:2,1
DA:4,1
LF:2
LH:2
BRF:0
BRH:0
end_of_record
TN:
SF:/Users/Thu/Documents/Hackreactor/Front_end_capstone/maps_info/client/src/Businesshours.jsx
FN:4,(anonymous_0)
FN:12,(anonymous_1)
FNF:2
FNH:2
FNDA:1,(anonymous_0)
FNDA:3,(anonymous_1)
DA:4,1
DA:5,1
DA:6,1
DA:13,3
LF:4
LH:4
BRF:0
BRH:0
end_of_record
TN:
SF:/Users/Thu/Documents/Hackreactor/Front_end_capstone/maps_info/client/src/Businesshoursentries.jsx
FN:3,(anonymous_0)
FNF:1
FNH:1
FNDA:3,(anonymous_0)
DA:3,1
DA:4,3
LF:2
LH:2
BRF:0
BRH:0
end_of_record
TN:
SF:/Users/Thu/Documents/Hackreactor/Front_end_capstone/maps_info/client/src/Businessinfo.jsx
FN:3,(anonymous_0)
FNF:1
FNH:1
FNDA:1,(anonymous_0)
DA:3,1
DA:4,1
LF:2
LH:2
BRF:0
BRH:0
end_of_record
TN:
SF:/Users/Thu/Documents/Hackreactor/Front_end_capstone/maps_info/client/src/Index.jsx
FNF:0
FNH:0
DA:1,0
DA:2,0
DA:3,0
DA:5,0
LF:4
LH:0
BRF:0
BRH:0
end_of_record
TN:
SF:/Users/Thu/Documents/Hackreactor/Front_end_capstone/maps_info/client/src/Map.jsx
FNF:0
FNH:0
DA:1,0
DA:2,0
DA:3,0
DA:4,0
DA:8,0
DA:12,0
DA:13,0
DA:34,0
LF:8
LH:0
BRF:0
BRH:0
end_of_record
TN:
SF:/Users/Thu/Documents/Hackreactor/Front_end_capstone/maps_info/client/src/Mapinfo.jsx
FN:5,(anonymous_0)
FN:12,(anonymous_1)
FNF:2
FNH:2
FNDA:1,(anonymous_0)
FNDA:1,(anonymous_1)
DA:6,1
DA:7,1
DA:16,1
DA:17,1
DA:51,1
LF:5
LH:5
BRF:0
BRH:0
end_of_record
TN:
SF:/Users/Thu/Documents/Hackreactor/Front_end_capstone/maps_info/client/src/Search.jsx
FN:4,(anonymous_0)
FN:11,(anonymous_1)
FN:17,(anonymous_2)
FN:21,(anonymous_3)
FNF:4
FNH:3
FNDA:2,(anonymous_0)
FNDA:1,(anonymous_1)
FNDA:3,(anonymous_2)
FNDA:0,(anonymous_3)
DA:5,2
DA:6,2
DA:12,1
DA:18,3
DA:21,0
LF:5
LH:4
BRF:0
BRH:0
end_of_record
TN:
SF:/Users/Thu/Documents/Hackreactor/Front_end_capstone/maps_info/client/src/app.jsx
FN:14,App
FN:41,success
FN:43,(anonymous_15)
FN:51,(anonymous_16)
FN:69,success
FN:79,(anonymous_19)
FN:86,(anonymous_20)
FN:99,success
FNF:8
FNH:0
FNDA:0,App
FNDA:0,success
FNDA:0,(anonymous_15)
FNDA:0,(anonymous_16)
FNDA:0,success
FNDA:0,(anonymous_19)
FNDA:0,(anonymous_20)
FNDA:0,success
DA:1,0
DA:2,0
DA:3,0
DA:4,0
DA:5,0
DA:6,0
DA:7,0
DA:8,0
DA:9,0
DA:10,0
DA:11,0
DA:14,0
DA:16,0
DA:28,0
DA:32,0
DA:33,0
DA:36,0
DA:37,0
DA:42,0
DA:43,0
DA:44,0
DA:45,0
DA:46,0
DA:47,0
DA:50,0
DA:51,0
DA:52,0
DA:53,0
DA:56,0
DA:64,0
DA:65,0
DA:70,0
DA:71,0
DA:77,0
DA:78,0
DA:79,0
DA:80,0
DA:81,0
DA:87,0
DA:94,0
DA:95,0
DA:100,0
DA:101,0
DA:102,0
DA:105,0
DA:106,0
DA:111,0
DA:115,0
DA:116,0
LF:49
LH:0
BRDA:14,0,0,0
BRDA:14,0,1,0
BRDA:44,1,0,0
BRDA:44,1,1,0
BRDA:46,2,0,0
BRDA:46,2,1,0
BRDA:52,3,0,0
BRDA:52,3,1,0
BRDA:52,4,0,0
BRDA:52,4,1,0
BRDA:52,4,2,0
BRDA:52,4,3,0
BRDA:52,4,4,0
BRDA:52,4,5,0
BRDA:52,4,6,0
BRF:15
BRH:0
end_of_record
TN:
SF:/Users/Thu/Documents/Hackreactor/Front_end_capstone/maps_info/db/connection.js
FN:10,(anonymous_0)
FNF:1
FNH:1
FNDA:1,(anonymous_0)
DA:1,1
DA:2,1
DA:4,1
DA:10,1
DA:11,1
DA:12,0
DA:13,0
DA:14,1
DA:17,1
LF:9
LH:7
BRDA:11,0,0,0
BRDA:11,0,1,1
BRF:2
BRH:1
end_of_record
TN:
SF:/Users/Thu/Documents/Hackreactor/Front_end_capstone/maps_info/db/faker.js
FN:4,mockAddress
FN:10,mockPhoneNum
FN:14,mockTime
FN:20,trueOrFalse
FN:24,mockLatitude
FN:29,mockLongitude
FN:34,insertMockTime
FN:37,(anonymous_7)
FN:45,insertMockAddress
FN:70,(anonymous_9)
FN:78,insertMockBusinessHrs
FN:81,(anonymous_11)
FNF:12
FNH:0
FNDA:0,mockAddress
FNDA:0,mockPhoneNum
FNDA:0,mockTime
FNDA:0,trueOrFalse
FNDA:0,mockLatitude
FNDA:0,mockLongitude
FNDA:0,insertMockTime
FNDA:0,(anonymous_7)
FNDA:0,insertMockAddress
FNDA:0,(anonymous_9)
FNDA:0,insertMockBusinessHrs
FNDA:0,(anonymous_11)
DA:1,0
DA:2,0
DA:4,0
DA:5,0
DA:6,0
DA:7,0
DA:10,0
DA:11,0
DA:14,0
DA:15,0
DA:16,0
DA:17,0
DA:20,0
DA:21,0
DA:24,0
DA:26,0
DA:29,0
DA:31,0
DA:34,0
DA:35,0
DA:36,0
DA:37,0
DA:38,0
DA:39,0
DA:45,0
DA:46,0
DA:47,0
DA:48,0
DA:49,0
DA:50,0
DA:51,0
DA:52,0
DA:53,0
DA:54,0
DA:55,0
DA:56,0
DA:57,0
DA:58,0
DA:59,0
DA:60,0
DA:61,0
DA:62,0
DA:63,0
DA:64,0
DA:65,0
DA:66,0
DA:67,0
DA:69,0
DA:70,0
DA:71,0
DA:72,0
DA:78,0
DA:79,0
DA:80,0
DA:81,0
DA:82,0
DA:83,0
DA:89,0
DA:90,0
DA:91,0
DA:92,0
LF:61
LH:0
BRDA:38,0,0,0
BRDA:38,0,1,0
BRDA:50,1,0,0
BRDA:50,1,1,0
BRDA:53,2,0,0
BRDA:53,2,1,0
BRDA:56,3,0,0
BRDA:56,3,1,0
BRDA:59,4,0,0
BRDA:59,4,1,0
BRDA:62,5,0,0
BRDA:62,5,1,0
BRDA:65,6,0,0
BRDA:65,6,1,0
BRDA:71,7,0,0
BRDA:71,7,1,0
BRDA:82,8,0,0
BRDA:82,8,1,0
BRF:18
BRH:0
end_of_record
TN:
SF:/Users/Thu/Documents/Hackreactor/Front_end_capstone/maps_info/server/server.js
FN:15,(anonymous_0)
FN:18,(anonymous_1)
FN:27,(anonymous_2)
FN:30,(anonymous_3)
FN:39,(anonymous_4)
FN:42,(anonymous_5)
FN:51,(anonymous_6)
FNF:7
FNH:6
FNDA:1,(anonymous_0)
FNDA:1,(anonymous_1)
FNDA:1,(anonymous_2)
FNDA:1,(anonymous_3)
FNDA:2,(anonymous_4)
FNDA:2,(anonymous_5)
FNDA:0,(anonymous_6)
DA:1,1
DA:2,1
DA:3,1
DA:4,1
DA:6,1
DA:7,1
DA:9,1
DA:11,1
DA:13,1
DA:15,1
DA:16,1
DA:17,1
DA:18,1
DA:19,1
DA:20,0
DA:22,1
DA:27,1
DA:28,1
DA:29,1
DA:30,1
DA:31,1
DA:32,0
DA:34,1
DA:39,1
DA:40,2
DA:41,2
DA:42,2
DA:43,2
DA:44,0
DA:46,2
DA:51,1
DA:52,0
DA:55,1
LF:33
LH:29
BRDA:7,0,0,1
BRDA:7,0,1,1
BRDA:19,1,0,0
BRDA:19,1,1,1
BRDA:31,2,0,0
BRDA:31,2,1,1
BRDA:43,3,0,0
BRDA:43,3,1,2
BRF:8
BRH:5
end_of_record
